Name: 动漫秀场频道, URL: http://[2409:8087:74d9:21::6]/000000001000PLTV/88888888/224/3221226197/index.m3u8, Date: None, Resolution: None, Response Time: 2434 ms
Name: 动漫秀场频道, URL: http://[2409:8087:5e00:24::1e]:6060/000000001000/5000000011000031113/1.m3u8, Date: None, Resolution: None, Response Time: 2440 ms
Name: 动漫秀场频道, URL: http://[2409:8087:1e03:21::42]:6610/cms001/ch00000090990000001196/index.m3u8?, Date: None, Resolution: None, Response Time: 5635 ms
Name: 动漫秀场频道, URL: http://[2409:8087:74d9:21::6]/000000001000PLTV/88888888/224/3221226197/index.m3u8, Date: None, Resolution: None, Response Time: 2434 ms
Name: 动漫秀场频道, URL: http://[2409:8087:5e00:24::1e]:6060/000000001000/5000000011000031113/1.m3u8, Date: None, Resolution: None, Response Time: 2440 ms
Name: CHC家庭影院, URL: http://[2409:8087:4c0a:22:1::11]:6410/170000001115/UmaiCHAN63807601b19dd/index.m3u8?m3u8_level=2, Date: None, Resolution: None, Response Time: 5633 ms
Name: CHC家庭影院, URL: http://[2001:250:5800:1005::155]:80/liverespath/449d51febadb152094085d373b9af94a6ac5f1dd/index.m3u8, Date: None, Resolution: None, Response Time: 1138 ms
Name: CHC家庭影院, URL: http://[2001:250:5800:1005::155]:80/liverespath/449d51febadb152094085d373b9af94a6ac5f1dd/index.m3u8, Date: None, Resolution: None, Response Time: 1138 ms
Name: CHC影迷电影, URL: http://[2001:250:5800:1005::155]:80/liverespath/bca6167afdef7fc773405c38e695b342c1d1eca0/index.m3u8, Date: None, Resolution: None, Response Time: 1138 ms
Name: CHC动作电影, URL: http://[2409:8087:5e00:24::1e]:6060/000000001000/8103864434730665389/1.m3u8, Date: None, Resolution: None, Response Time: 2440 ms
Name: CHC动作电影, URL: http://[2409:8087:1a01:df::4021]:80/TVOD/88888888/224/3221225555/main.m3u8, Date: None, Resolution: None, Response Time: 2048 ms
Name: CHC动作电影, URL: http://[2409:8087:1a01:df::7005]:80/ottrrs.hl.chinamobile.com/PLTV/88888888/224/3221225661/index.m3u8, Date: None, Resolution: None, Response Time: 3489 ms
Name: CHC动作电影, URL: http://[2409:8087:1a01:df::4021]/TVOD/88888888/224/3221225555/main.m3u8, Date: None, Resolution: None, Response Time: 2048 ms
Name: CHC动作电影, URL: http://[2409:8087:74d9:21::6]/270000001128/9900000106/index.m3u8, Date: None, Resolution: None, Response Time: 2434 ms
Name: CHC动作电影, URL: http://[2409:8087:4c0a:22:1::11]:6410/170000001115/UmaiCHAN6380763222d00/index.m3u8?m3u8_level=2, Date: None, Resolution: None, Response Time: 5633 ms
Name: CHC动作电影, URL: http://[2409:8087:1a01:df::4021]/TVOD/88888888/224/3221225555/main.m3u8, Date: None, Resolution: None, Response Time: 2048 ms
Name: CHC动作电影, URL: http://[2001:250:5800:1005::155]:80/liverespath/e0096742f0c5be4c5225cf3c7ab1077177bec05f/index.m3u8, Date: None, Resolution: None, Response Time: 1138 ms
Name: CHC动作电影, URL: http://[2409:8087:5e00:24::1e]:6060/200000001898/460000089800010003/1.m3u8, Date: None, Resolution: None, Response Time: 2440 ms
Name: CHC动作电影, URL: http://[2409:8087:1a01:df::7005]/ottrrs.hl.chinamobile.com/PLTV/88888888/224/3221225661/index.m3u8, Date: None, Resolution: None, Response Time: 3489 ms
Name: CHC动作电影, URL: http://[2001:250:5800:1005::155]:80/liverespath/e0096742f0c5be4c5225cf3c7ab1077177bec05f/index.m3u8, Date: None, Resolution: None, Response Time: 1138 ms
Name: CHC动作电影, URL: http://[2409:8087:1a01:df::7005]:80/ottrrs.hl.chinamobile.com/PLTV/88888888/224/3221225661/index.m3u8, Date: None, Resolution: None, Response Time: 3489 ms
Name: CHC动作电影, URL: http://[2409:8087:5e00:24::1e]:6060/000000001000/1000000004000018653/1.m3u8, Date: None, Resolution: None, Response Time: 2440 ms
Name: CHC动作电影, URL: http://[2409:8087:5e00:24::1e]:6060/200000001898/460000089800010003/1.m3u8, Date: None, Resolution: None, Response Time: 2440 ms
Name: CHC动作电影, URL: http://[2409:8087:74d9:21::6]/270000001128/9900000106/index.m3u8, Date: None, Resolution: None, Response Time: 2434 ms
Name: CHC动作电影, URL: http://[2409:8087:1a01:df::7005]/ottrrs.hl.chinamobile.com/PLTV/88888888/224/3221225661/index.m3u8, Date: None, Resolution: None, Response Time: 3489 ms
Name: CHC动作电影, URL: http://[2409:8087:74d9:21::6]:80/270000001128/9900000106/index.m3u8, Date: None, Resolution: None, Response Time: 2434 ms
Name: CHC动作电影, URL: http://[2409:8087:5e00:24::1e]:6060/000000001000/1000000004000018653/1.m3u8, Date: None, Resolution: None, Response Time: 2440 ms
Name: CHC动作电影, URL: http://[2409:8087:1a01:df::4021]:80/TVOD/88888888/224/3221225555/main.m3u8, Date: None, Resolution: None, Response Time: 2048 ms
Name: CHC动作电影, URL: http://[2409:8087:74d9:21::6]:80/270000001128/9900000106/index.m3u8, Date: None, Resolution: None, Response Time: 2434 ms
Name: 求索纪录频道, URL: http://[2409:8087:5e08:24::11]:6610/000000001000/2000000004000000010/index.m3u8?stbId=3&livemode=1&HlsProfileId=&channel-id=hnbblive&Contentid=2000000004000000010&IASHttpSessionId=OTT19019320240419154124000281, Date: None, Resolution: None, Response Time: 2746 ms
Name: 求索纪录频道, URL: http://[2409:8087:5e08:24::17]:6610/000000001000/2000000004000000010/index.m3u8?stbId=3&livemode=1&HlsProfileId=&channel-id=hnbblive&Contentid=2000000004000000010&IASHttpSessionId=OTT19019320240419154124000281&yang-1989, Date: None, Resolution: None, Response Time: 3060 ms
Name: 求索纪录频道, URL: http://[2409:8087:5e01:24::16]:6610/000000001000/2000000004000000010/index.m3u8?stbId=3&livemode=1&HlsProfileId=&channel-id=hnbblive&Contentid=2000000004000000010&IASHttpSessionId=OTT19019320240419154124000281, Date: None, Resolution: None, Response Time: 4518 ms
Name: 山东教育卫视, URL: http://[2409:8087:1a0a:df::402e]/wh7f454c46tw2754383805_-1220934996/ottrrs.hl.chinamobile.com/PLTV/88888888/224/3221225655/index.m3u8?icpid=88888888&RTS=1713110589&from=4&hms_devid=1103&online=1713110589&vqe=3, Date: None, Resolution: None, Response Time: 2573 ms
Name: 山东教育卫视, URL: http://[2409:8087:5e00:24::1e]:6060/200000001898/460000089800010112/1.m3u8, Date: None, Resolution: None, Response Time: 2440 ms
